<?xml version="1.0" encoding="UTF-8"?>
<testsuite xmlns:xsi="http://www.w3.org/2001/XMLSchema-instance" xsi:noNamespaceSchemaLocation="https://maven.apache.org/surefire/maven-surefire-plugin/xsd/surefire-test-report-3.0.xsd" version="3.0" name="org.example.TestMain" time="0.025" tests="8" errors="0" skipped="0" failures="0">
  <properties>
[...]
</properties>
  <testcase name="factorialFalsePositive" classname="org.example.TestMain" time="0.001"/>
  <testcase name="rootTruePositive" classname="org.example.TestMain" time="0"/>
  <testcase name="logTruePositive" classname="org.example.TestMain" time="0"/>
  <testcase name="factorialTruePositive" classname="org.example.TestMain" time="0"/>
  <testcase name="powerFalsePositive" classname="org.example.TestMain" time="0"/>
  <testcase name="powerTruePositive" classname="org.example.TestMain" time="0"/>
  <testcase name="logFalsePositive" classname="org.example.TestMain" time="0"/>
  <testcase name="rootFalsePositive" classname="org.example.TestMain" time="0"/>
</testsuite>