<?xml version="1.0" encoding="UTF-8"?>
<testsuite xmlns:xsi="http://www.w3.org/2001/XMLSchema-instance" xsi:noNamespaceSchemaLocation="https://maven.apache.org/surefire/maven-surefire-plugin/xsd/surefire-test-report-3.0.xsd" version="3.0" name="org.example.TestMain" time="0.406" tests="8" errors="0" skipped="0" failures="0">
  <properties>
[...]
</properties>
  <testcase name="factorialFalsePositive" classname="org.example.TestMain" time="0.379">
    <system-out><![CDATA[21:34:11.566 [main] INFO  org.example.Main - [FACTORIAL OPERATION] [SUCCESS] 3
21:34:11.567 [main] INFO  org.example.Main - [RESULT: FACTORIAL] 6.0
21:34:11.567 [main] INFO  org.example.Main - [FACTORIAL OPERATION] [SUCCESS] 4
21:34:11.568 [main] INFO  org.example.Main - [RESULT: FACTORIAL] 24.0
21:34:11.568 [main] INFO  org.example.Main - [FACTORIAL OPERATION] [SUCCESS] 6
21:34:11.568 [main] INFO  org.example.Main - [RESULT: FACTORIAL] 720.0
]]></system-out>
  </testcase>
  <testcase name="rootTruePositive" classname="org.example.TestMain" time="0">
    <system-out><![CDATA[21:34:11.568 [main] INFO  org.example.Main - [SQUARE ROOT OPERATION] [SUCCESS] 1
21:34:11.568 [main] INFO  org.example.Main - [RESULT: SQUARE ROOT] 1.0
21:34:11.568 [main] INFO  org.example.Main - [SQUARE ROOT OPERATION] [SUCCESS] 2
21:34:11.569 [main] INFO  org.example.Main - [RESULT: SQUARE ROOT] 1.414213562373095
21:34:11.569 [main] INFO  org.example.Main - [SQUARE ROOT OPERATION] [SUCCESS] 4
21:34:11.569 [main] INFO  org.example.Main - [RESULT: SQUARE ROOT] 2.0
21:34:11.569 [main] INFO  org.example.Main - [SQUARE ROOT OPERATION] [SUCCESS] 7
21:34:11.569 [main] INFO  org.example.Main - [RESULT: SQUARE ROOT] 2.6457513110645907
]]></system-out>
  </testcase>
  <testcase name="logTruePositive" classname="org.example.TestMain" time="0.001">
    <system-out><![CDATA[21:34:11.569 [main] INFO  org.example.Main - [LOGARITHM OPERATION] [SUCCESS] 1.0
21:34:11.569 [main] INFO  org.example.Main - [RESULT: LOGARITHM] 0.0
21:34:11.570 [main] INFO  org.example.Main - [LOGARITHM OPERATION] [SUCCESS] 2.0
21:34:11.570 [main] INFO  org.example.Main - [RESULT: LOGARITHM] 0.6931471805599451
21:34:11.570 [main] INFO  org.example.Main - [LOGARITHM OPERATION] [SUCCESS] 5.0
21:34:11.570 [main] INFO  org.example.Main - [RESULT: LOGARITHM] 1.6094379124263267
21:34:11.570 [main] INFO  org.example.Main - [LOGARITHM OPERATION] [SUCCESS] 10.0
21:34:11.570 [main] INFO  org.example.Main - [RESULT: LOGARITHM] 2.302582905639062
]]></system-out>
  </testcase>
  <testcase name="factorialTruePositive" classname="org.example.TestMain" time="0.001">
    <system-out><![CDATA[21:34:11.570 [main] INFO  org.example.Main - [FACTORIAL OPERATION] [SUCCESS] 1
21:34:11.570 [main] INFO  org.example.Main - [RESULT: FACTORIAL] 1.0
21:34:11.571 [main] INFO  org.example.Main - [FACTORIAL OPERATION] [SUCCESS] 2
21:34:11.571 [main] INFO  org.example.Main - [RESULT: FACTORIAL] 2.0
21:34:11.571 [main] INFO  org.example.Main - [FACTORIAL OPERATION] [SUCCESS] 5
21:34:11.571 [main] INFO  org.example.Main - [RESULT: FACTORIAL] 120.0
21:34:11.571 [main] INFO  org.example.Main - [FACTORIAL OPERATION] [SUCCESS] 10
21:34:11.571 [main] INFO  org.example.Main - [RESULT: FACTORIAL] 3628800.0
]]></system-out>
  </testcase>
  <testcase name="powerFalsePositive" classname="org.example.TestMain" time="0.001">
    <system-out><![CDATA[21:34:11.572 [main] INFO  org.example.Main - [POWER OPERATION] [SUCCESS] 0.0
21:34:11.572 [main] INFO  org.example.Main - [RESULT: POWER] 0.0
21:34:11.572 [main] INFO  org.example.Main - [POWER OPERATION] [SUCCESS] 1.0
21:34:11.572 [main] INFO  org.example.Main - [RESULT: POWER] 1.0
21:34:11.572 [main] INFO  org.example.Main - [POWER OPERATION] [SUCCESS] 2.0
21:34:11.572 [main] INFO  org.example.Main - [RESULT: POWER] 1024.0
21:34:11.572 [main] INFO  org.example.Main - [POWER OPERATION] [SUCCESS] 1.3
21:34:11.573 [main] INFO  org.example.Main - [RESULT: POWER] 1.6900000000000002
]]></system-out>
  </testcase>
  <testcase name="powerTruePositive" classname="org.example.TestMain" time="0.001">
    <system-out><![CDATA[21:34:11.573 [main] INFO  org.example.Main - [POWER OPERATION] [SUCCESS] 1.0
21:34:11.573 [main] INFO  org.example.Main - [RESULT: POWER] 1.0
21:34:11.573 [main] INFO  org.example.Main - [POWER OPERATION] [SUCCESS] 3.0
21:34:11.573 [main] INFO  org.example.Main - [RESULT: POWER] 81.0
21:34:11.573 [main] INFO  org.example.Main - [POWER OPERATION] [SUCCESS] 1.2
21:34:11.573 [main] INFO  org.example.Main - [RESULT: POWER] 1.44
]]></system-out>
  </testcase>
  <testcase name="logFalsePositive" classname="org.example.TestMain" time="0.001">
    <system-out><![CDATA[21:34:11.574 [main] INFO  org.example.Main - [LOGARITHM OPERATION] [SUCCESS] 3.0
21:34:11.574 [main] INFO  org.example.Main - [RESULT: LOGARITHM] 1.0986122886681087
21:34:11.574 [main] INFO  org.example.Main - [LOGARITHM OPERATION] [SUCCESS] 4.0
21:34:11.574 [main] INFO  org.example.Main - [RESULT: LOGARITHM] 1.3862943611198806
21:34:11.574 [main] INFO  org.example.Main - [LOGARITHM OPERATION] [SUCCESS] 7.0
21:34:11.574 [main] INFO  org.example.Main - [RESULT: LOGARITHM] 1.9459101376914265
21:34:11.575 [main] INFO  org.example.Main - [LOGARITHM OPERATION] [SUCCESS] 9.0
21:34:11.575 [main] INFO  org.example.Main - [RESULT: LOGARITHM] 2.197224011445802
]]></system-out>
  </testcase>
  <testcase name="rootFalsePositive" classname="org.example.TestMain" time="0.001">
    <system-out><![CDATA[21:34:11.575 [main] INFO  org.example.Main - [SQUARE ROOT OPERATION] [SUCCESS] 3
21:34:11.575 [main] INFO  org.example.Main - [RESULT: SQUARE ROOT] 1.7320508075688772
21:34:11.575 [main] INFO  org.example.Main - [SQUARE ROOT OPERATION] [SUCCESS] 5
21:34:11.575 [main] INFO  org.example.Main - [RESULT: SQUARE ROOT] 2.23606797749979
21:34:11.575 [main] INFO  org.example.Main - [SQUARE ROOT OPERATION] [SUCCESS] 9
21:34:11.575 [main] INFO  org.example.Main - [RESULT: SQUARE ROOT] 3.0
21:34:11.575 [main] INFO  org.example.Main - [SQUARE ROOT OPERATION] [SUCCESS] 16
21:34:11.575 [main] INFO  org.example.Main - [RESULT: SQUARE ROOT] 4.0
]]></system-out>
  </testcase>
</testsuite>